2016/05/04 03:24:35 [error] [exception.CException] exception 'CException' with message 'Alias "boostrap.components.Bootstrap" is invalid. Make sure it points to an existing PHP file and the file is readable.' in C:\wamp64\www\framework\YiiBase.php:323
Stack trace:
#0 C:\wamp64\www\framework\YiiBase.php(196): YiiBase::import('boostrap.compon...', true)
#1 C:\wamp64\www\framework\base\CModule.php(393): YiiBase::createComponent(Array)
#2 C:\wamp64\www\framework\base\CModule.php(530): CModule->getComponent('boostrap')
#3 C:\wamp64\www\framework\base\CApplication.php(168): CModule->preloadComponents()
#4 C:\wamp64\www\framework\YiiBase.php(125): CApplication->__construct('C:\\wamp64\\www\\p...')
#5 C:\wamp64\www\framework\YiiBase.php(98): YiiBase::createApplication('CWebApplication', 'C:\\wamp64\\www\\p...')
#6 C:\wamp64\www\psushi2\index.php(13): YiiBase::createWebApplication('C:\\wamp64\\www\\p...')
#7 {main}
REQUEST_URI=/psushi2/
---
2016/05/04 03:25:33 [error] [exception.CException] exception 'CException' with message 'Alias "bootstrap.components.Bootstrap" is invalid. Make sure it points to an existing PHP file and the file is readable.' in C:\wamp64\www\framework\YiiBase.php:323
Stack trace:
#0 C:\wamp64\www\framework\YiiBase.php(196): YiiBase::import('bootstrap.compo...', true)
#1 C:\wamp64\www\framework\base\CModule.php(393): YiiBase::createComponent(Array)
#2 C:\wamp64\www\framework\base\CModule.php(530): CModule->getComponent('bootstrap')
#3 C:\wamp64\www\framework\base\CApplication.php(168): CModule->preloadComponents()
#4 C:\wamp64\www\framework\YiiBase.php(125): CApplication->__construct('C:\\wamp64\\www\\p...')
#5 C:\wamp64\www\framework\YiiBase.php(98): YiiBase::createApplication('CWebApplication', 'C:\\wamp64\\www\\p...')
#6 C:\wamp64\www\psushi2\index.php(13): YiiBase::createWebApplication('C:\\wamp64\\www\\p...')
#7 {main}
REQUEST_URI=/psushi2/
---
2016/05/04 03:25:35 [error] [exception.CException] exception 'CException' with message 'Alias "bootstrap.components.Bootstrap" is invalid. Make sure it points to an existing PHP file and the file is readable.' in C:\wamp64\www\framework\YiiBase.php:323
Stack trace:
#0 C:\wamp64\www\framework\YiiBase.php(196): YiiBase::import('bootstrap.compo...', true)
#1 C:\wamp64\www\framework\base\CModule.php(393): YiiBase::createComponent(Array)
#2 C:\wamp64\www\framework\base\CModule.php(530): CModule->getComponent('bootstrap')
#3 C:\wamp64\www\framework\base\CApplication.php(168): CModule->preloadComponents()
#4 C:\wamp64\www\framework\YiiBase.php(125): CApplication->__construct('C:\\wamp64\\www\\p...')
#5 C:\wamp64\www\framework\YiiBase.php(98): YiiBase::createApplication('CWebApplication', 'C:\\wamp64\\www\\p...')
#6 C:\wamp64\www\psushi2\index.php(13): YiiBase::createWebApplication('C:\\wamp64\\www\\p...')
#7 {main}
REQUEST_URI=/psushi2/
---
2016/05/04 03:31:21 [error] [exception.CException] exception 'CException' with message 'Alias "bootstrap.components.Bootstrap" is invalid. Make sure it points to an existing PHP file and the file is readable.' in C:\wamp64\www\framework\YiiBase.php:323
Stack trace:
#0 C:\wamp64\www\framework\YiiBase.php(196): YiiBase::import('bootstrap.compo...', true)
#1 C:\wamp64\www\framework\base\CModule.php(393): YiiBase::createComponent(Array)
#2 C:\wamp64\www\framework\base\CModule.php(530): CModule->getComponent('bootstrap')
#3 C:\wamp64\www\framework\base\CApplication.php(168): CModule->preloadComponents()
#4 C:\wamp64\www\framework\YiiBase.php(125): CApplication->__construct('C:\\wamp64\\www\\p...')
#5 C:\wamp64\www\framework\YiiBase.php(98): YiiBase::createApplication('CWebApplication', 'C:\\wamp64\\www\\p...')
#6 C:\wamp64\www\psushi2\index.php(13): YiiBase::createWebApplication('C:\\wamp64\\www\\p...')
#7 {main}
REQUEST_URI=/psushi2/
---
2016/05/04 03:32:58 [error] [exception.CException] exception 'CException' with message 'Alias "bootstrap.components.Bootstrap" is invalid. Make sure it points to an existing PHP file and the file is readable.' in C:\wamp64\www\framework\YiiBase.php:323
Stack trace:
#0 C:\wamp64\www\framework\YiiBase.php(196): YiiBase::import('bootstrap.compo...', true)
#1 C:\wamp64\www\framework\base\CModule.php(393): YiiBase::createComponent(Array)
#2 C:\wamp64\www\framework\base\CModule.php(530): CModule->getComponent('bootstrap')
#3 C:\wamp64\www\framework\base\CApplication.php(168): CModule->preloadComponents()
#4 C:\wamp64\www\framework\YiiBase.php(125): CApplication->__construct('C:\\wamp64\\www\\p...')
#5 C:\wamp64\www\framework\YiiBase.php(98): YiiBase::createApplication('CWebApplication', 'C:\\wamp64\\www\\p...')
#6 C:\wamp64\www\psushi2\index.php(13): YiiBase::createWebApplication('C:\\wamp64\\www\\p...')
#7 {main}
REQUEST_URI=/psushi2/
---
2016/05/04 03:32:59 [error] [exception.CException] exception 'CException' with message 'Alias "bootstrap.components.Bootstrap" is invalid. Make sure it points to an existing PHP file and the file is readable.' in C:\wamp64\www\framework\YiiBase.php:323
Stack trace:
#0 C:\wamp64\www\framework\YiiBase.php(196): YiiBase::import('bootstrap.compo...', true)
#1 C:\wamp64\www\framework\base\CModule.php(393): YiiBase::createComponent(Array)
#2 C:\wamp64\www\framework\base\CModule.php(530): CModule->getComponent('bootstrap')
#3 C:\wamp64\www\framework\base\CApplication.php(168): CModule->preloadComponents()
#4 C:\wamp64\www\framework\YiiBase.php(125): CApplication->__construct('C:\\wamp64\\www\\p...')
#5 C:\wamp64\www\framework\YiiBase.php(98): YiiBase::createApplication('CWebApplication', 'C:\\wamp64\\www\\p...')
#6 C:\wamp64\www\psushi2\index.php(13): YiiBase::createWebApplication('C:\\wamp64\\www\\p...')
#7 {main}
REQUEST_URI=/psushi2/
---
2016/05/04 03:33:00 [error] [exception.CException] exception 'CException' with message 'Alias "bootstrap.components.Bootstrap" is invalid. Make sure it points to an existing PHP file and the file is readable.' in C:\wamp64\www\framework\YiiBase.php:323
Stack trace:
#0 C:\wamp64\www\framework\YiiBase.php(196): YiiBase::import('bootstrap.compo...', true)
#1 C:\wamp64\www\framework\base\CModule.php(393): YiiBase::createComponent(Array)
#2 C:\wamp64\www\framework\base\CModule.php(530): CModule->getComponent('bootstrap')
#3 C:\wamp64\www\framework\base\CApplication.php(168): CModule->preloadComponents()
#4 C:\wamp64\www\framework\YiiBase.php(125): CApplication->__construct('C:\\wamp64\\www\\p...')
#5 C:\wamp64\www\framework\YiiBase.php(98): YiiBase::createApplication('CWebApplication', 'C:\\wamp64\\www\\p...')
#6 C:\wamp64\www\psushi2\index.php(13): YiiBase::createWebApplication('C:\\wamp64\\www\\p...')
#7 {main}
REQUEST_URI=/psushi2/
---
2016/05/04 03:38:06 [error] [exception.CException] exception 'CException' with message 'Alias "bootstrap.components.Bootstrap" is invalid. Make sure it points to an existing PHP file and the file is readable.' in C:\wamp64\www\framework\YiiBase.php:323
Stack trace:
#0 C:\wamp64\www\framework\YiiBase.php(196): YiiBase::import('bootstrap.compo...', true)
#1 C:\wamp64\www\framework\base\CModule.php(393): YiiBase::createComponent(Array)
#2 C:\wamp64\www\framework\base\CModule.php(530): CModule->getComponent('bootstrap')
#3 C:\wamp64\www\framework\base\CApplication.php(168): CModule->preloadComponents()
#4 C:\wamp64\www\framework\YiiBase.php(125): CApplication->__construct('C:\\wamp64\\www\\p...')
#5 C:\wamp64\www\framework\YiiBase.php(98): YiiBase::createApplication('CWebApplication', 'C:\\wamp64\\www\\p...')
#6 C:\wamp64\www\psushi2\index.php(13): YiiBase::createWebApplication('C:\\wamp64\\www\\p...')
#7 {main}
REQUEST_URI=/psushi2/
---
2016/05/04 03:38:06 [error] [exception.CException] exception 'CException' with message 'Alias "bootstrap.components.Bootstrap" is invalid. Make sure it points to an existing PHP file and the file is readable.' in C:\wamp64\www\framework\YiiBase.php:323
Stack trace:
#0 C:\wamp64\www\framework\YiiBase.php(196): YiiBase::import('bootstrap.compo...', true)
#1 C:\wamp64\www\framework\base\CModule.php(393): YiiBase::createComponent(Array)
#2 C:\wamp64\www\framework\base\CModule.php(530): CModule->getComponent('bootstrap')
#3 C:\wamp64\www\framework\base\CApplication.php(168): CModule->preloadComponents()
#4 C:\wamp64\www\framework\YiiBase.php(125): CApplication->__construct('C:\\wamp64\\www\\p...')
#5 C:\wamp64\www\framework\YiiBase.php(98): YiiBase::createApplication('CWebApplication', 'C:\\wamp64\\www\\p...')
#6 C:\wamp64\www\psushi2\index.php(13): YiiBase::createWebApplication('C:\\wamp64\\www\\p...')
#7 {main}
REQUEST_URI=/psushi2/
---
2016/05/04 03:38:07 [error] [exception.CException] exception 'CException' with message 'Alias "bootstrap.components.Bootstrap" is invalid. Make sure it points to an existing PHP file and the file is readable.' in C:\wamp64\www\framework\YiiBase.php:323
Stack trace:
#0 C:\wamp64\www\framework\YiiBase.php(196): YiiBase::import('bootstrap.compo...', true)
#1 C:\wamp64\www\framework\base\CModule.php(393): YiiBase::createComponent(Array)
#2 C:\wamp64\www\framework\base\CModule.php(530): CModule->getComponent('bootstrap')
#3 C:\wamp64\www\framework\base\CApplication.php(168): CModule->preloadComponents()
#4 C:\wamp64\www\framework\YiiBase.php(125): CApplication->__construct('C:\\wamp64\\www\\p...')
#5 C:\wamp64\www\framework\YiiBase.php(98): YiiBase::createApplication('CWebApplication', 'C:\\wamp64\\www\\p...')
#6 C:\wamp64\www\psushi2\index.php(13): YiiBase::createWebApplication('C:\\wamp64\\www\\p...')
#7 {main}
REQUEST_URI=/psushi2/
---
2016/05/04 03:38:07 [error] [exception.CException] exception 'CException' with message 'Alias "bootstrap.components.Bootstrap" is invalid. Make sure it points to an existing PHP file and the file is readable.' in C:\wamp64\www\framework\YiiBase.php:323
Stack trace:
#0 C:\wamp64\www\framework\YiiBase.php(196): YiiBase::import('bootstrap.compo...', true)
#1 C:\wamp64\www\framework\base\CModule.php(393): YiiBase::createComponent(Array)
#2 C:\wamp64\www\framework\base\CModule.php(530): CModule->getComponent('bootstrap')
#3 C:\wamp64\www\framework\base\CApplication.php(168): CModule->preloadComponents()
#4 C:\wamp64\www\framework\YiiBase.php(125): CApplication->__construct('C:\\wamp64\\www\\p...')
#5 C:\wamp64\www\framework\YiiBase.php(98): YiiBase::createApplication('CWebApplication', 'C:\\wamp64\\www\\p...')
#6 C:\wamp64\www\psushi2\index.php(13): YiiBase::createWebApplication('C:\\wamp64\\www\\p...')
#7 {main}
REQUEST_URI=/psushi2/
---
2016/05/04 03:38:08 [error] [exception.CException] exception 'CException' with message 'Alias "bootstrap.components.Bootstrap" is invalid. Make sure it points to an existing PHP file and the file is readable.' in C:\wamp64\www\framework\YiiBase.php:323
Stack trace:
#0 C:\wamp64\www\framework\YiiBase.php(196): YiiBase::import('bootstrap.compo...', true)
#1 C:\wamp64\www\framework\base\CModule.php(393): YiiBase::createComponent(Array)
#2 C:\wamp64\www\framework\base\CModule.php(530): CModule->getComponent('bootstrap')
#3 C:\wamp64\www\framework\base\CApplication.php(168): CModule->preloadComponents()
#4 C:\wamp64\www\framework\YiiBase.php(125): CApplication->__construct('C:\\wamp64\\www\\p...')
#5 C:\wamp64\www\framework\YiiBase.php(98): YiiBase::createApplication('CWebApplication', 'C:\\wamp64\\www\\p...')
#6 C:\wamp64\www\psushi2\index.php(13): YiiBase::createWebApplication('C:\\wamp64\\www\\p...')
#7 {main}
REQUEST_URI=/psushi2/
---
2016/05/04 03:39:50 [error] [exception.CException] exception 'CException' with message 'Alias "bootstrap.components.Bootstrap" is invalid. Make sure it points to an existing PHP file and the file is readable.' in C:\wamp64\www\framework\YiiBase.php:323
Stack trace:
#0 C:\wamp64\www\framework\YiiBase.php(196): YiiBase::import('bootstrap.compo...', true)
#1 C:\wamp64\www\framework\base\CModule.php(393): YiiBase::createComponent(Array)
#2 C:\wamp64\www\framework\base\CModule.php(530): CModule->getComponent('bootstrap')
#3 C:\wamp64\www\framework\base\CApplication.php(168): CModule->preloadComponents()
#4 C:\wamp64\www\framework\YiiBase.php(125): CApplication->__construct('C:\\wamp64\\www\\p...')
#5 C:\wamp64\www\framework\YiiBase.php(98): YiiBase::createApplication('CWebApplication', 'C:\\wamp64\\www\\p...')
#6 C:\wamp64\www\psushi2\index.php(13): YiiBase::createWebApplication('C:\\wamp64\\www\\p...')
#7 {main}
REQUEST_URI=/psushi2/
---
2016/05/04 03:39:51 [error] [exception.CException] exception 'CException' with message 'Alias "bootstrap.components.Bootstrap" is invalid. Make sure it points to an existing PHP file and the file is readable.' in C:\wamp64\www\framework\YiiBase.php:323
Stack trace:
#0 C:\wamp64\www\framework\YiiBase.php(196): YiiBase::import('bootstrap.compo...', true)
#1 C:\wamp64\www\framework\base\CModule.php(393): YiiBase::createComponent(Array)
#2 C:\wamp64\www\framework\base\CModule.php(530): CModule->getComponent('bootstrap')
#3 C:\wamp64\www\framework\base\CApplication.php(168): CModule->preloadComponents()
#4 C:\wamp64\www\framework\YiiBase.php(125): CApplication->__construct('C:\\wamp64\\www\\p...')
#5 C:\wamp64\www\framework\YiiBase.php(98): YiiBase::createApplication('CWebApplication', 'C:\\wamp64\\www\\p...')
#6 C:\wamp64\www\psushi2\index.php(13): YiiBase::createWebApplication('C:\\wamp64\\www\\p...')
#7 {main}
REQUEST_URI=/psushi2/
---
2016/05/04 03:39:52 [error] [exception.CException] exception 'CException' with message 'Alias "bootstrap.components.Bootstrap" is invalid. Make sure it points to an existing PHP file and the file is readable.' in C:\wamp64\www\framework\YiiBase.php:323
Stack trace:
#0 C:\wamp64\www\framework\YiiBase.php(196): YiiBase::import('bootstrap.compo...', true)
#1 C:\wamp64\www\framework\base\CModule.php(393): YiiBase::createComponent(Array)
#2 C:\wamp64\www\framework\base\CModule.php(530): CModule->getComponent('bootstrap')
#3 C:\wamp64\www\framework\base\CApplication.php(168): CModule->preloadComponents()
#4 C:\wamp64\www\framework\YiiBase.php(125): CApplication->__construct('C:\\wamp64\\www\\p...')
#5 C:\wamp64\www\framework\YiiBase.php(98): YiiBase::createApplication('CWebApplication', 'C:\\wamp64\\www\\p...')
#6 C:\wamp64\www\psushi2\index.php(13): YiiBase::createWebApplication('C:\\wamp64\\www\\p...')
#7 {main}
REQUEST_URI=/psushi2/
---
2016/05/04 03:39:52 [error] [exception.CException] exception 'CException' with message 'Alias "bootstrap.components.Bootstrap" is invalid. Make sure it points to an existing PHP file and the file is readable.' in C:\wamp64\www\framework\YiiBase.php:323
Stack trace:
#0 C:\wamp64\www\framework\YiiBase.php(196): YiiBase::import('bootstrap.compo...', true)
#1 C:\wamp64\www\framework\base\CModule.php(393): YiiBase::createComponent(Array)
#2 C:\wamp64\www\framework\base\CModule.php(530): CModule->getComponent('bootstrap')
#3 C:\wamp64\www\framework\base\CApplication.php(168): CModule->preloadComponents()
#4 C:\wamp64\www\framework\YiiBase.php(125): CApplication->__construct('C:\\wamp64\\www\\p...')
#5 C:\wamp64\www\framework\YiiBase.php(98): YiiBase::createApplication('CWebApplication', 'C:\\wamp64\\www\\p...')
#6 C:\wamp64\www\psushi2\index.php(13): YiiBase::createWebApplication('C:\\wamp64\\www\\p...')
#7 {main}
REQUEST_URI=/psushi2/
---
2016/05/04 03:41:11 [error] [exception.CException] exception 'CException' with message 'Alias "bootstrap.components.Bootstrap" is invalid. Make sure it points to an existing PHP file and the file is readable.' in C:\wamp64\www\framework\YiiBase.php:323
Stack trace:
#0 C:\wamp64\www\framework\YiiBase.php(196): YiiBase::import('bootstrap.compo...', true)
#1 C:\wamp64\www\framework\base\CModule.php(393): YiiBase::createComponent(Array)
#2 C:\wamp64\www\framework\base\CModule.php(530): CModule->getComponent('bootstrap')
#3 C:\wamp64\www\framework\base\CApplication.php(168): CModule->preloadComponents()
#4 C:\wamp64\www\framework\YiiBase.php(125): CApplication->__construct('C:\\wamp64\\www\\p...')
#5 C:\wamp64\www\framework\YiiBase.php(98): YiiBase::createApplication('CWebApplication', 'C:\\wamp64\\www\\p...')
#6 C:\wamp64\www\psushi2\index.php(13): YiiBase::createWebApplication('C:\\wamp64\\www\\p...')
#7 {main}
REQUEST_URI=/psushi2/
---
2016/05/04 03:41:31 [error] [exception.CException] exception 'CException' with message 'Alias "bootstrap.components.Bootstrap" is invalid. Make sure it points to an existing PHP file and the file is readable.' in C:\wamp64\www\framework\YiiBase.php:323
Stack trace:
#0 C:\wamp64\www\framework\YiiBase.php(196): YiiBase::import('bootstrap.compo...', true)
#1 C:\wamp64\www\framework\base\CModule.php(393): YiiBase::createComponent(Array)
#2 C:\wamp64\www\framework\base\CModule.php(530): CModule->getComponent('bootstrap')
#3 C:\wamp64\www\framework\base\CApplication.php(168): CModule->preloadComponents()
#4 C:\wamp64\www\framework\YiiBase.php(125): CApplication->__construct('C:\\wamp64\\www\\p...')
#5 C:\wamp64\www\framework\YiiBase.php(98): YiiBase::createApplication('CWebApplication', 'C:\\wamp64\\www\\p...')
#6 C:\wamp64\www\psushi2\index.php(13): YiiBase::createWebApplication('C:\\wamp64\\www\\p...')
#7 {main}
REQUEST_URI=/psushi2/
---
2016/05/04 03:44:56 [error] [exception.CException] exception 'CException' with message 'Alias "bootstrap.widgets.TbBox" is invalid. Make sure it points to an existing PHP file and the file is readable.' in C:\wamp64\www\framework\YiiBase.php:323
Stack trace:
#0 C:\wamp64\www\framework\web\CWidgetFactory.php(146): YiiBase::import('bootstrap.widge...', true)
#1 C:\wamp64\www\framework\web\CBaseController.php(146): CWidgetFactory->createWidget(Object(SiteController), 'bootstrap.widge...', Array)
#2 C:\wamp64\www\framework\web\CBaseController.php(197): CBaseController->createWidget('bootstrap.widge...', Array)
#3 C:\wamp64\www\psushi2\protected\extensions\heart\views\layouts\column1.php(14): CBaseController->beginWidget('bootstrap.widge...', Array)
#4 C:\wamp64\www\framework\web\CBaseController.php(126): require('C:\\wamp64\\www\\p...')
#5 C:\wamp64\www\framework\web\CBaseController.php(95): CBaseController->renderInternal('C:\\wamp64\\www\\p...', Array, true)
#6 C:\wamp64\www\framework\web\CController.php(784): CBaseController->renderFile('C:\\wamp64\\www\\p...', Array, true)
#7 C:\wamp64\www\psushi2\protected\controllers\SiteController.php(32): CController->render('index')
#8 C:\wamp64\www\framework\web\actions\CInlineAction.php(49): SiteController->actionIndex()
#9 C:\wamp64\www\framework\web\CController.php(308): CInlineAction->runWithParams(Array)
#10 C:\wamp64\www\framework\web\CController.php(286): CController->runAction(Object(CInlineAction))
#11 C:\wamp64\www\framework\web\CController.php(265): CController->runActionWithFilters(Object(CInlineAction), Array)
#12 C:\wamp64\www\framework\web\CWebApplication.php(282): CController->run('')
#13 C:\wamp64\www\framework\web\CWebApplication.php(141): CWebApplication->runController('')
#14 C:\wamp64\www\framework\base\CApplication.php(185): CWebApplication->processRequest()
#15 C:\wamp64\www\psushi2\index.php(13): CApplication->run()
#16 {main}
REQUEST_URI=/psushi2/
---
2016/05/04 03:44:58 [error] [exception.CException] exception 'CException' with message 'Alias "bootstrap.widgets.TbBox" is invalid. Make sure it points to an existing PHP file and the file is readable.' in C:\wamp64\www\framework\YiiBase.php:323
Stack trace:
#0 C:\wamp64\www\framework\web\CWidgetFactory.php(146): YiiBase::import('bootstrap.widge...', true)
#1 C:\wamp64\www\framework\web\CBaseController.php(146): CWidgetFactory->createWidget(Object(SiteController), 'bootstrap.widge...', Array)
#2 C:\wamp64\www\framework\web\CBaseController.php(197): CBaseController->createWidget('bootstrap.widge...', Array)
#3 C:\wamp64\www\psushi2\protected\extensions\heart\views\layouts\column1.php(14): CBaseController->beginWidget('bootstrap.widge...', Array)
#4 C:\wamp64\www\framework\web\CBaseController.php(126): require('C:\\wamp64\\www\\p...')
#5 C:\wamp64\www\framework\web\CBaseController.php(95): CBaseController->renderInternal('C:\\wamp64\\www\\p...', Array, true)
#6 C:\wamp64\www\framework\web\CController.php(784): CBaseController->renderFile('C:\\wamp64\\www\\p...', Array, true)
#7 C:\wamp64\www\psushi2\protected\controllers\SiteController.php(32): CController->render('index')
#8 C:\wamp64\www\framework\web\actions\CInlineAction.php(49): SiteController->actionIndex()
#9 C:\wamp64\www\framework\web\CController.php(308): CInlineAction->runWithParams(Array)
#10 C:\wamp64\www\framework\web\CController.php(286): CController->runAction(Object(CInlineAction))
#11 C:\wamp64\www\framework\web\CController.php(265): CController->runActionWithFilters(Object(CInlineAction), Array)
#12 C:\wamp64\www\framework\web\CWebApplication.php(282): CController->run('')
#13 C:\wamp64\www\framework\web\CWebApplication.php(141): CWebApplication->runController('')
#14 C:\wamp64\www\framework\base\CApplication.php(185): CWebApplication->processRequest()
#15 C:\wamp64\www\psushi2\index.php(13): CApplication->run()
#16 {main}
REQUEST_URI=/psushi2/
---
2016/05/04 03:49:22 [error] [exception.CException] exception 'CException' with message 'Alias "bootstrap.components.Booster" is invalid. Make sure it points to an existing PHP file and the file is readable.' in C:\wamp64\www\framework\YiiBase.php:323
Stack trace:
#0 C:\wamp64\www\framework\YiiBase.php(196): YiiBase::import('bootstrap.compo...', true)
#1 C:\wamp64\www\framework\base\CModule.php(393): YiiBase::createComponent(Array)
#2 C:\wamp64\www\framework\base\CModule.php(530): CModule->getComponent('bootstrap')
#3 C:\wamp64\www\framework\base\CApplication.php(168): CModule->preloadComponents()
#4 C:\wamp64\www\framework\YiiBase.php(125): CApplication->__construct('C:\\wamp64\\www\\p...')
#5 C:\wamp64\www\framework\YiiBase.php(98): YiiBase::createApplication('CWebApplication', 'C:\\wamp64\\www\\p...')
#6 C:\wamp64\www\psushi2\index.php(13): YiiBase::createWebApplication('C:\\wamp64\\www\\p...')
#7 {main}
REQUEST_URI=/psushi2/
---
2016/05/04 03:49:23 [error] [exception.CException] exception 'CException' with message 'Alias "bootstrap.components.Booster" is invalid. Make sure it points to an existing PHP file and the file is readable.' in C:\wamp64\www\framework\YiiBase.php:323
Stack trace:
#0 C:\wamp64\www\framework\YiiBase.php(196): YiiBase::import('bootstrap.compo...', true)
#1 C:\wamp64\www\framework\base\CModule.php(393): YiiBase::createComponent(Array)
#2 C:\wamp64\www\framework\base\CModule.php(530): CModule->getComponent('bootstrap')
#3 C:\wamp64\www\framework\base\CApplication.php(168): CModule->preloadComponents()
#4 C:\wamp64\www\framework\YiiBase.php(125): CApplication->__construct('C:\\wamp64\\www\\p...')
#5 C:\wamp64\www\framework\YiiBase.php(98): YiiBase::createApplication('CWebApplication', 'C:\\wamp64\\www\\p...')
#6 C:\wamp64\www\psushi2\index.php(13): YiiBase::createWebApplication('C:\\wamp64\\www\\p...')
#7 {main}
REQUEST_URI=/psushi2/
---
2016/05/04 03:49:38 [error] [exception.CException] exception 'CException' with message 'Alias "bootstrap.components.Booster" is invalid. Make sure it points to an existing PHP file and the file is readable.' in C:\wamp64\www\framework\YiiBase.php:323
Stack trace:
#0 C:\wamp64\www\framework\YiiBase.php(196): YiiBase::import('bootstrap.compo...', true)
#1 C:\wamp64\www\framework\base\CModule.php(393): YiiBase::createComponent(Array)
#2 C:\wamp64\www\framework\base\CModule.php(530): CModule->getComponent('bootstrap')
#3 C:\wamp64\www\framework\base\CApplication.php(168): CModule->preloadComponents()
#4 C:\wamp64\www\framework\YiiBase.php(125): CApplication->__construct('C:\\wamp64\\www\\p...')
#5 C:\wamp64\www\framework\YiiBase.php(98): YiiBase::createApplication('CWebApplication', 'C:\\wamp64\\www\\p...')
#6 C:\wamp64\www\psushi2\index.php(13): YiiBase::createWebApplication('C:\\wamp64\\www\\p...')
#7 {main}
REQUEST_URI=/psushi2/
---
2016/05/04 03:50:29 [error] [exception.CException] exception 'CException' with message 'Alias "bootstrap.components.Booster" is invalid. Make sure it points to an existing PHP file and the file is readable.' in C:\wamp64\www\framework\YiiBase.php:323
Stack trace:
#0 C:\wamp64\www\framework\YiiBase.php(196): YiiBase::import('bootstrap.compo...', true)
#1 C:\wamp64\www\framework\base\CModule.php(393): YiiBase::createComponent(Array)
#2 C:\wamp64\www\framework\base\CModule.php(530): CModule->getComponent('bootstrap')
#3 C:\wamp64\www\framework\base\CApplication.php(168): CModule->preloadComponents()
#4 C:\wamp64\www\framework\YiiBase.php(125): CApplication->__construct('C:\\wamp64\\www\\p...')
#5 C:\wamp64\www\framework\YiiBase.php(98): YiiBase::createApplication('CWebApplication', 'C:\\wamp64\\www\\p...')
#6 C:\wamp64\www\psushi2\index.php(13): YiiBase::createWebApplication('C:\\wamp64\\www\\p...')
#7 {main}
REQUEST_URI=/psushi2/
---
2016/05/04 03:51:08 [error] [exception.CException] exception 'CException' with message 'Alias "bootstrap.components.Booster" is invalid. Make sure it points to an existing PHP file and the file is readable.' in C:\wamp64\www\framework\YiiBase.php:323
Stack trace:
#0 C:\wamp64\www\framework\YiiBase.php(196): YiiBase::import('bootstrap.compo...', true)
#1 C:\wamp64\www\framework\base\CModule.php(393): YiiBase::createComponent(Array)
#2 C:\wamp64\www\framework\base\CModule.php(530): CModule->getComponent('bootstrap')
#3 C:\wamp64\www\framework\base\CApplication.php(168): CModule->preloadComponents()
#4 C:\wamp64\www\framework\YiiBase.php(125): CApplication->__construct('C:\\wamp64\\www\\p...')
#5 C:\wamp64\www\framework\YiiBase.php(98): YiiBase::createApplication('CWebApplication', 'C:\\wamp64\\www\\p...')
#6 C:\wamp64\www\psushi2\index.php(13): YiiBase::createWebApplication('C:\\wamp64\\www\\p...')
#7 {main}
REQUEST_URI=/psushi2/
---
2016/05/04 03:51:09 [error] [exception.CException] exception 'CException' with message 'Alias "bootstrap.components.Booster" is invalid. Make sure it points to an existing PHP file and the file is readable.' in C:\wamp64\www\framework\YiiBase.php:323
Stack trace:
#0 C:\wamp64\www\framework\YiiBase.php(196): YiiBase::import('bootstrap.compo...', true)
#1 C:\wamp64\www\framework\base\CModule.php(393): YiiBase::createComponent(Array)
#2 C:\wamp64\www\framework\base\CModule.php(530): CModule->getComponent('bootstrap')
#3 C:\wamp64\www\framework\base\CApplication.php(168): CModule->preloadComponents()
#4 C:\wamp64\www\framework\YiiBase.php(125): CApplication->__construct('C:\\wamp64\\www\\p...')
#5 C:\wamp64\www\framework\YiiBase.php(98): YiiBase::createApplication('CWebApplication', 'C:\\wamp64\\www\\p...')
#6 C:\wamp64\www\psushi2\index.php(13): YiiBase::createWebApplication('C:\\wamp64\\www\\p...')
#7 {main}
REQUEST_URI=/psushi2/
---
2016/05/04 03:51:10 [error] [exception.CException] exception 'CException' with message 'Alias "bootstrap.components.Booster" is invalid. Make sure it points to an existing PHP file and the file is readable.' in C:\wamp64\www\framework\YiiBase.php:323
Stack trace:
#0 C:\wamp64\www\framework\YiiBase.php(196): YiiBase::import('bootstrap.compo...', true)
#1 C:\wamp64\www\framework\base\CModule.php(393): YiiBase::createComponent(Array)
#2 C:\wamp64\www\framework\base\CModule.php(530): CModule->getComponent('bootstrap')
#3 C:\wamp64\www\framework\base\CApplication.php(168): CModule->preloadComponents()
#4 C:\wamp64\www\framework\YiiBase.php(125): CApplication->__construct('C:\\wamp64\\www\\p...')
#5 C:\wamp64\www\framework\YiiBase.php(98): YiiBase::createApplication('CWebApplication', 'C:\\wamp64\\www\\p...')
#6 C:\wamp64\www\psushi2\index.php(13): YiiBase::createWebApplication('C:\\wamp64\\www\\p...')
#7 {main}
REQUEST_URI=/psushi2/
---
2016/05/04 03:51:10 [error] [exception.CException] exception 'CException' with message 'Alias "bootstrap.components.Booster" is invalid. Make sure it points to an existing PHP file and the file is readable.' in C:\wamp64\www\framework\YiiBase.php:323
Stack trace:
#0 C:\wamp64\www\framework\YiiBase.php(196): YiiBase::import('bootstrap.compo...', true)
#1 C:\wamp64\www\framework\base\CModule.php(393): YiiBase::createComponent(Array)
#2 C:\wamp64\www\framework\base\CModule.php(530): CModule->getComponent('bootstrap')
#3 C:\wamp64\www\framework\base\CApplication.php(168): CModule->preloadComponents()
#4 C:\wamp64\www\framework\YiiBase.php(125): CApplication->__construct('C:\\wamp64\\www\\p...')
#5 C:\wamp64\www\framework\YiiBase.php(98): YiiBase::createApplication('CWebApplication', 'C:\\wamp64\\www\\p...')
#6 C:\wamp64\www\psushi2\index.php(13): YiiBase::createWebApplication('C:\\wamp64\\www\\p...')
#7 {main}
REQUEST_URI=/psushi2/
---
2016/05/04 03:51:11 [error] [exception.CException] exception 'CException' with message 'Alias "bootstrap.components.Booster" is invalid. Make sure it points to an existing PHP file and the file is readable.' in C:\wamp64\www\framework\YiiBase.php:323
Stack trace:
#0 C:\wamp64\www\framework\YiiBase.php(196): YiiBase::import('bootstrap.compo...', true)
#1 C:\wamp64\www\framework\base\CModule.php(393): YiiBase::createComponent(Array)
#2 C:\wamp64\www\framework\base\CModule.php(530): CModule->getComponent('bootstrap')
#3 C:\wamp64\www\framework\base\CApplication.php(168): CModule->preloadComponents()
#4 C:\wamp64\www\framework\YiiBase.php(125): CApplication->__construct('C:\\wamp64\\www\\p...')
#5 C:\wamp64\www\framework\YiiBase.php(98): YiiBase::createApplication('CWebApplication', 'C:\\wamp64\\www\\p...')
#6 C:\wamp64\www\psushi2\index.php(13): YiiBase::createWebApplication('C:\\wamp64\\www\\p...')
#7 {main}
REQUEST_URI=/psushi2/
---
2016/05/04 03:51:47 [error] [exception.CException] exception 'CException' with message 'Alias "bootstrap.widgets.TbBox" is invalid. Make sure it points to an existing PHP file and the file is readable.' in C:\wamp64\www\framework\YiiBase.php:323
Stack trace:
#0 C:\wamp64\www\framework\web\CWidgetFactory.php(146): YiiBase::import('bootstrap.widge...', true)
#1 C:\wamp64\www\framework\web\CBaseController.php(146): CWidgetFactory->createWidget(Object(SiteController), 'bootstrap.widge...', Array)
#2 C:\wamp64\www\framework\web\CBaseController.php(197): CBaseController->createWidget('bootstrap.widge...', Array)
#3 C:\wamp64\www\psushi2\protected\extensions\heart\views\layouts\column1.php(14): CBaseController->beginWidget('bootstrap.widge...', Array)
#4 C:\wamp64\www\framework\web\CBaseController.php(126): require('C:\\wamp64\\www\\p...')
#5 C:\wamp64\www\framework\web\CBaseController.php(95): CBaseController->renderInternal('C:\\wamp64\\www\\p...', Array, true)
#6 C:\wamp64\www\framework\web\CController.php(784): CBaseController->renderFile('C:\\wamp64\\www\\p...', Array, true)
#7 C:\wamp64\www\psushi2\protected\controllers\SiteController.php(32): CController->render('index')
#8 C:\wamp64\www\framework\web\actions\CInlineAction.php(49): SiteController->actionIndex()
#9 C:\wamp64\www\framework\web\CController.php(308): CInlineAction->runWithParams(Array)
#10 C:\wamp64\www\framework\web\CController.php(286): CController->runAction(Object(CInlineAction))
#11 C:\wamp64\www\framework\web\CController.php(265): CController->runActionWithFilters(Object(CInlineAction), Array)
#12 C:\wamp64\www\framework\web\CWebApplication.php(282): CController->run('')
#13 C:\wamp64\www\framework\web\CWebApplication.php(141): CWebApplication->runController('')
#14 C:\wamp64\www\framework\base\CApplication.php(185): CWebApplication->processRequest()
#15 C:\wamp64\www\psushi2\index.php(13): CApplication->run()
#16 {main}
REQUEST_URI=/psushi2/
---
2016/05/04 03:51:58 [error] [exception.CException] exception 'CException' with message 'Alias "bootstrap.widgets.TbBox" is invalid. Make sure it points to an existing PHP file and the file is readable.' in C:\wamp64\www\framework\YiiBase.php:323
Stack trace:
#0 C:\wamp64\www\framework\web\CWidgetFactory.php(146): YiiBase::import('bootstrap.widge...', true)
#1 C:\wamp64\www\framework\web\CBaseController.php(146): CWidgetFactory->createWidget(Object(SiteController), 'bootstrap.widge...', Array)
#2 C:\wamp64\www\framework\web\CBaseController.php(197): CBaseController->createWidget('bootstrap.widge...', Array)
#3 C:\wamp64\www\psushi2\protected\extensions\heart\views\layouts\column1.php(14): CBaseController->beginWidget('bootstrap.widge...', Array)
#4 C:\wamp64\www\framework\web\CBaseController.php(126): require('C:\\wamp64\\www\\p...')
#5 C:\wamp64\www\framework\web\CBaseController.php(95): CBaseController->renderInternal('C:\\wamp64\\www\\p...', Array, true)
#6 C:\wamp64\www\framework\web\CController.php(784): CBaseController->renderFile('C:\\wamp64\\www\\p...', Array, true)
#7 C:\wamp64\www\psushi2\protected\controllers\SiteController.php(32): CController->render('index')
#8 C:\wamp64\www\framework\web\actions\CInlineAction.php(49): SiteController->actionIndex()
#9 C:\wamp64\www\framework\web\CController.php(308): CInlineAction->runWithParams(Array)
#10 C:\wamp64\www\framework\web\CController.php(286): CController->runAction(Object(CInlineAction))
#11 C:\wamp64\www\framework\web\CController.php(265): CController->runActionWithFilters(Object(CInlineAction), Array)
#12 C:\wamp64\www\framework\web\CWebApplication.php(282): CController->run('')
#13 C:\wamp64\www\framework\web\CWebApplication.php(141): CWebApplication->runController('')
#14 C:\wamp64\www\framework\base\CApplication.php(185): CWebApplication->processRequest()
#15 C:\wamp64\www\psushi2\index.php(13): CApplication->run()
#16 {main}
REQUEST_URI=/psushi2/
---
2016/05/04 04:44:32 [error] [exception.CHttpException.404] exception 'CHttpException' with message 'Unable to resolve the request "gii/heart".' in C:\wamp64\www\framework\web\CWebApplication.php:286
Stack trace:
#0 C:\wamp64\www\framework\web\CWebApplication.php(141): CWebApplication->runController('gii/heart')
#1 C:\wamp64\www\framework\base\CApplication.php(185): CWebApplication->processRequest()
#2 C:\wamp64\www\psushi2\index.php(13): CApplication->run()
#3 {main}
REQUEST_URI=/psushi2/index.php?r=gii/heart
HTTP_REFERER=http://localhost/psushi2/index.php
---
2016/05/04 04:45:25 [error] [exception.CHttpException.404] exception 'CHttpException' with message 'Unable to resolve the request "gii/heart".' in C:\wamp64\www\framework\web\CWebApplication.php:286
Stack trace:
#0 C:\wamp64\www\framework\web\CWebApplication.php(141): CWebApplication->runController('gii/heart')
#1 C:\wamp64\www\framework\base\CApplication.php(185): CWebApplication->processRequest()
#2 C:\wamp64\www\psushi2\index.php(13): CApplication->run()
#3 {main}
REQUEST_URI=/psushi2/index.php?r=gii/heart
---
2016/05/04 07:04:47 [warning] [application] Failed to set unsafe attribute "file" of "CrudCode".
in C:\wamp64\www\psushi2\index.php (13)
2016/05/04 07:04:53 [warning] [application] Failed to set unsafe attribute "file" of "CrudCode".
in C:\wamp64\www\psushi2\index.php (13)
2016/05/04 07:05:02 [warning] [application] Failed to set unsafe attribute "file" of "CrudCode".
in C:\wamp64\www\psushi2\index.php (13)
2016/05/04 07:05:04 [warning] [application] Failed to set unsafe attribute "file" of "CrudCode".
in C:\wamp64\www\psushi2\index.php (13)
2016/05/04 07:05:11 [warning] [application] Failed to set unsafe attribute "file" of "CrudCode".
in C:\wamp64\www\psushi2\index.php (13)
2016/05/04 07:05:14 [warning] [application] Failed to set unsafe attribute "file" of "CrudCode".
in C:\wamp64\www\psushi2\index.php (13)
2016/05/04 07:05:48 [warning] [application] Failed to set unsafe attribute "file" of "CrudCode".
in C:\wamp64\www\psushi2\index.php (13)
2016/05/04 07:05:50 [warning] [application] Failed to set unsafe attribute "file" of "CrudCode".
in C:\wamp64\www\psushi2\index.php (13)
